<?xml version="1.0" encoding="UTF-8"?>
<testsuite xmlns:xsi="http://www.w3.org/2001/XMLSchema-instance" xsi:noNamespaceSchemaLocation="https://maven.apache.org/surefire/maven-surefire-plugin/xsd/surefire-test-report-3.0.xsd" version="3.0" name="com.example.AppTest" time="0.018" tests="1" errors="0" skipped="0" failures="0">
  <properties>
    <property name="java.specification.version" value="23"/>
    <property name="sun.jnu.encoding" value="UTF-8"/>
    <property name="java.class.path" value="/Users/qunce/Bilibili_Clone/bilibili/bilibili-api/target/test-classes:/Users/qunce/Bilibili_Clone/bilibili/bilibili-api/target/classes:/Users/qunce/.m2/repository/junit/junit/3.8.1/junit-3.8.1.jar:/Users/qunce/Bilibili_Clone/bilibili/bilibili-service/target/bilibili-service-1.0-SNAPSHOT.jar:/Users/qunce/Bilibili_Clone/bilibili/bilibili-dao/target/bilibili-dao-1.0-SNAPSHOT.jar:/Users/qunce/.m2/repository/org/springframework/boot/spring-boot-starter-web/3.3.3/spring-boot-starter-web-3.3.3.jar:/Users/qunce/.m2/repository/org/springframework/boot/spring-boot-starter/3.3.3/spring-boot-starter-3.3.3.jar:/Users/qunce/.m2/repository/org/springframework/boot/spring-boot-starter-logging/3.3.3/spring-boot-starter-logging-3.3.3.jar:/Users/qunce/.m2/repository/org/apache/logging/log4j/log4j-to-slf4j/2.23.1/log4j-to-slf4j-2.23.1.jar:/Users/qunce/.m2/repository/org/apache/logging/log4j/log4j-api/2.23.1/log4j-api-2.23.1.jar:/Users/qunce/.m2/repository/org/slf4j/jul-to-slf4j/2.0.16/jul-to-slf4j-2.0.16.jar:/Users/qunce/.m2/repository/jakarta/annotation/jakarta.annotation-api/2.1.1/jakarta.annotation-api-2.1.1.jar:/Users/qunce/.m2/repository/org/yaml/snakeyaml/2.2/snakeyaml-2.2.jar:/Users/qunce/.m2/repository/org/springframework/boot/spring-boot-starter-json/3.3.3/spring-boot-starter-json-3.3.3.jar:/Users/qunce/.m2/repository/com/fasterxml/jackson/datatype/jackson-datatype-jdk8/2.17.2/jackson-datatype-jdk8-2.17.2.jar:/Users/qunce/.m2/repository/com/fasterxml/jackson/datatype/jackson-datatype-jsr310/2.17.2/jackson-datatype-jsr310-2.17.2.jar:/Users/qunce/.m2/repository/com/fasterxml/jackson/module/jackson-module-parameter-names/2.17.2/jackson-module-parameter-names-2.17.2.jar:/Users/qunce/.m2/repository/org/springframework/boot/spring-boot-starter-tomcat/3.3.3/spring-boot-starter-tomcat-3.3.3.jar:/Users/qunce/.m2/repository/org/apache/tomcat/embed/tomcat-embed-core/10.1.28/tomcat-embed-core-10.1.28.jar:/Users/qunce/.m2/repository/org/apache/tomcat/embed/tomcat-embed-el/10.1.28/tomcat-embed-el-10.1.28.jar:/Users/qunce/.m2/repository/org/apache/tomcat/embed/tomcat-embed-websocket/10.1.28/tomcat-embed-websocket-10.1.28.jar:/Users/qunce/.m2/repository/org/springframework/spring-web/6.1.12/spring-web-6.1.12.jar:/Users/qunce/.m2/repository/org/springframework/spring-beans/6.1.12/spring-beans-6.1.12.jar:/Users/qunce/.m2/repository/io/micrometer/micrometer-observation/1.13.3/micrometer-observation-1.13.3.jar:/Users/qunce/.m2/repository/io/micrometer/micrometer-commons/1.13.3/micrometer-commons-1.13.3.jar:/Users/qunce/.m2/repository/org/springframework/spring-webmvc/6.1.12/spring-webmvc-6.1.12.jar:/Users/qunce/.m2/repository/org/springframework/spring-expression/6.1.12/spring-expression-6.1.12.jar:/Users/qunce/.m2/repository/com/mysql/mysql-connector-j/8.0.33/mysql-connector-j-8.0.33.jar:/Users/qunce/.m2/repository/org/mybatis/spring/boot/mybatis-spring-boot-starter/3.0.3/mybatis-spring-boot-starter-3.0.3.jar:/Users/qunce/.m2/repository/org/springframework/boot/spring-boot-starter-jdbc/3.3.3/spring-boot-starter-jdbc-3.3.3.jar:/Users/qunce/.m2/repository/com/zaxxer/HikariCP/5.1.0/HikariCP-5.1.0.jar:/Users/qunce/.m2/repository/org/springframework/spring-jdbc/6.1.12/spring-jdbc-6.1.12.jar:/Users/qunce/.m2/repository/org/mybatis/spring/boot/mybatis-spring-boot-autoconfigure/3.0.3/mybatis-spring-boot-autoconfigure-3.0.3.jar:/Users/qunce/.m2/repository/org/mybatis/mybatis/3.5.14/mybatis-3.5.14.jar:/Users/qunce/.m2/repository/org/mybatis/mybatis-spring/3.0.3/mybatis-spring-3.0.3.jar:/Users/qunce/.m2/repository/org/springframework/boot/spring-boot-devtools/3.3.3/spring-boot-devtools-3.3.3.jar:/Users/qunce/.m2/repository/org/springframework/boot/spring-boot/3.3.3/spring-boot-3.3.3.jar:/Users/qunce/.m2/repository/org/springframework/boot/spring-boot-autoconfigure/3.3.3/spring-boot-autoconfigure-3.3.3.jar:/Users/qunce/.m2/repository/commons-codec/commons-codec/1.17.0/commons-codec-1.17.0.jar:/Users/qunce/.m2/repository/com/alibaba/fastjson/2.0.53/fastjson-2.0.53.jar:/Users/qunce/.m2/repository/com/alibaba/fastjson2/fastjson2-extension/2.0.53/fastjson2-extension-2.0.53.jar:/Users/qunce/.m2/repository/com/alibaba/fastjson2/fastjson2/2.0.53/fastjson2-2.0.53.jar:/Users/qunce/.m2/repository/com/auth0/java-jwt/4.4.0/java-jwt-4.4.0.jar:/Users/qunce/.m2/repository/com/fasterxml/jackson/core/jackson-databind/2.17.2/jackson-databind-2.17.2.jar:/Users/qunce/.m2/repository/com/fasterxml/jackson/core/jackson-annotations/2.17.2/jackson-annotations-2.17.2.jar:/Users/qunce/.m2/repository/com/fasterxml/jackson/core/jackson-core/2.17.2/jackson-core-2.17.2.jar:/Users/qunce/.m2/repository/org/apache/rocketmq/rocketmq-client/5.3.1/rocketmq-client-5.3.1.jar:/Users/qunce/.m2/repository/org/apache/rocketmq/rocketmq-remoting/5.3.1/rocketmq-remoting-5.3.1.jar:/Users/qunce/.m2/repository/org/apache/rocketmq/rocketmq-common/5.3.1/rocketmq-common-5.3.1.jar:/Users/qunce/.m2/repository/io/netty/netty-all/4.1.112.Final/netty-all-4.1.112.Final.jar:/Users/qunce/.m2/repository/io/netty/netty-codec-dns/4.1.112.Final/netty-codec-dns-4.1.112.Final.jar:/Users/qunce/.m2/repository/io/netty/netty-codec-haproxy/4.1.112.Final/netty-codec-haproxy-4.1.112.Final.jar:/Users/qunce/.m2/repository/io/netty/netty-codec-http/4.1.112.Final/netty-codec-http-4.1.112.Final.jar:/Users/qunce/.m2/repository/io/netty/netty-codec-http2/4.1.112.Final/netty-codec-http2-4.1.112.Final.jar:/Users/qunce/.m2/repository/io/netty/netty-codec-memcache/4.1.112.Final/netty-codec-memcache-4.1.112.Final.jar:/Users/qunce/.m2/repository/io/netty/netty-codec-mqtt/4.1.112.Final/netty-codec-mqtt-4.1.112.Final.jar:/Users/qunce/.m2/repository/io/netty/netty-codec-redis/4.1.112.Final/netty-codec-redis-4.1.112.Final.jar:/Users/qunce/.m2/repository/io/netty/netty-codec-smtp/4.1.112.Final/netty-codec-smtp-4.1.112.Final.jar:/Users/qunce/.m2/repository/io/netty/netty-codec-socks/4.1.112.Final/netty-codec-socks-4.1.112.Final.jar:/Users/qunce/.m2/repository/io/netty/netty-codec-stomp/4.1.112.Final/netty-codec-stomp-4.1.112.Final.jar:/Users/qunce/.m2/repository/io/netty/netty-codec-xml/4.1.112.Final/netty-codec-xml-4.1.112.Final.jar:/Users/qunce/.m2/repository/io/netty/netty-handler-proxy/4.1.112.Final/netty-handler-proxy-4.1.112.Final.jar:/Users/qunce/.m2/repository/io/netty/netty-handler-ssl-ocsp/4.1.112.Final/netty-handler-ssl-ocsp-4.1.112.Final.jar:/Users/qunce/.m2/repository/io/netty/netty-resolver-dns/4.1.112.Final/netty-resolver-dns-4.1.112.Final.jar:/Users/qunce/.m2/repository/io/netty/netty-transport-rxtx/4.1.112.Final/netty-transport-rxtx-4.1.112.Final.jar:/Users/qunce/.m2/repository/io/netty/netty-transport-sctp/4.1.112.Final/netty-transport-sctp-4.1.112.Final.jar:/Users/qunce/.m2/repository/io/netty/netty-transport-udt/4.1.112.Final/netty-transport-udt-4.1.112.Final.jar:/Users/qunce/.m2/repository/io/netty/netty-transport-classes-epoll/4.1.112.Final/netty-transport-classes-epoll-4.1.112.Final.jar:/Users/qunce/.m2/repository/io/netty/netty-transport-classes-kqueue/4.1.112.Final/netty-transport-classes-kqueue-4.1.112.Final.jar:/Users/qunce/.m2/repository/io/netty/netty-resolver-dns-classes-macos/4.1.112.Final/netty-resolver-dns-classes-macos-4.1.112.Final.jar:/Users/qunce/.m2/repository/io/netty/netty-transport-native-epoll/4.1.112.Final/netty-transport-native-epoll-4.1.112.Final-linux-x86_64.jar:/Users/qunce/.m2/repository/io/netty/netty-transport-native-epoll/4.1.112.Final/netty-transport-native-epoll-4.1.112.Final-linux-aarch_64.jar:/Users/qunce/.m2/repository/io/netty/netty-transport-native-epoll/4.1.112.Final/netty-transport-native-epoll-4.1.112.Final-linux-riscv64.jar:/Users/qunce/.m2/repository/io/netty/netty-transport-native-kqueue/4.1.112.Final/netty-transport-native-kqueue-4.1.112.Final-osx-x86_64.jar:/Users/qunce/.m2/repository/io/netty/netty-transport-native-kqueue/4.1.112.Final/netty-transport-native-kqueue-4.1.112.Final-osx-aarch_64.jar:/Users/qunce/.m2/repository/io/netty/netty-resolver-dns-native-macos/4.1.112.Final/netty-resolver-dns-native-macos-4.1.112.Final-osx-x86_64.jar:/Users/qunce/.m2/repository/io/netty/netty-resolver-dns-native-macos/4.1.112.Final/netty-resolver-dns-native-macos-4.1.112.Final-osx-aarch_64.jar:/Users/qunce/.m2/repository/commons-validator/commons-validator/1.7/commons-validator-1.7.jar:/Users/qunce/.m2/repository/commons-digester/commons-digester/2.1/commons-digester-2.1.jar:/Users/qunce/.m2/repository/commons-logging/commons-logging/1.2/commons-logging-1.2.jar:/Users/qunce/.m2/repository/com/github/luben/zstd-jni/1.5.2-2/zstd-jni-1.5.2-2.jar:/Users/qunce/.m2/repository/org/lz4/lz4-java/1.8.0/lz4-java-1.8.0.jar:/Users/qunce/.m2/repository/com/google/guava/guava/32.0.1-jre/guava-32.0.1-jre.jar:/Users/qunce/.m2/repository/com/google/guava/failureaccess/1.0.1/failureaccess-1.0.1.jar:/Users/qunce/.m2/repository/com/google/guava/listenablefuture/9999.0-empty-to-avoid-conflict-with-guava/listenablefuture-9999.0-empty-to-avoid-conflict-with-guava.jar:/Users/qunce/.m2/repository/com/google/code/findbugs/jsr305/3.0.2/jsr305-3.0.2.jar:/Users/qunce/.m2/repository/org/checkerframework/checker-qual/3.33.0/checker-qual-3.33.0.jar:/Users/qunce/.m2/repository/com/google/j2objc/j2objc-annotations/2.8/j2objc-annotations-2.8.jar:/Users/qunce/.m2/repository/io/opentelemetry/opentelemetry-exporter-otlp/1.37.0/opentelemetry-exporter-otlp-1.37.0.jar:/Users/qunce/.m2/repository/io/opentelemetry/opentelemetry-sdk-trace/1.37.0/opentelemetry-sdk-trace-1.37.0.jar:/Users/qunce/.m2/repository/io/opentelemetry/opentelemetry-sdk-metrics/1.37.0/opentelemetry-sdk-metrics-1.37.0.jar:/Users/qunce/.m2/repository/io/opentelemetry/opentelemetry-api-incubator/1.37.0-alpha/opentelemetry-api-incubator-1.37.0-alpha.jar:/Users/qunce/.m2/repository/io/opentelemetry/opentelemetry-sdk-logs/1.37.0/opentelemetry-sdk-logs-1.37.0.jar:/Users/qunce/.m2/repository/io/opentelemetry/opentelemetry-exporter-otlp-common/1.37.0/opentelemetry-exporter-otlp-common-1.37.0.jar:/Users/qunce/.m2/repository/io/opentelemetry/opentelemetry-exporter-common/1.37.0/opentelemetry-exporter-common-1.37.0.jar:/Users/qunce/.m2/repository/io/opentelemetry/opentelemetry-exporter-sender-okhttp/1.37.0/opentelemetry-exporter-sender-okhttp-1.37.0.jar:/Users/qunce/.m2/repository/com/squareup/okhttp3/okhttp/4.12.0/okhttp-4.12.0.jar:/Users/qunce/.m2/repository/com/squareup/okio/okio/3.6.0/okio-3.6.0.jar:/Users/qunce/.m2/repository/org/jetbrains/kotlin/kotlin-stdlib-jdk8/1.9.25/kotlin-stdlib-jdk8-1.9.25.jar:/Users/qunce/.m2/repository/org/jetbrains/kotlin/kotlin-stdlib/1.9.25/kotlin-stdlib-1.9.25.jar:/Users/qunce/.m2/repository/org/jetbrains/annotations/13.0/annotations-13.0.jar:/Users/qunce/.m2/repository/org/jetbrains/kotlin/kotlin-stdlib-jdk7/1.9.25/kotlin-stdlib-jdk7-1.9.25.jar:/Users/qunce/.m2/repository/io/opentelemetry/opentelemetry-sdk-extension-autoconfigure-spi/1.37.0/opentelemetry-sdk-extension-autoconfigure-spi-1.37.0.jar:/Users/qunce/.m2/repository/io/opentelemetry/opentelemetry-exporter-prometheus/1.29.0-alpha/opentelemetry-exporter-prometheus-1.29.0-alpha.jar:/Users/qunce/.m2/repository/io/opentelemetry/opentelemetry-exporter-logging/1.37.0/opentelemetry-exporter-logging-1.37.0.jar:/Users/qunce/.m2/repository/io/opentelemetry/opentelemetry-sdk/1.37.0/opentelemetry-sdk-1.37.0.jar:/Users/qunce/.m2/repository/io/opentelemetry/opentelemetry-api/1.37.0/opentelemetry-api-1.37.0.jar:/Users/qunce/.m2/repository/io/opentelemetry/opentelemetry-context/1.37.0/opentelemetry-context-1.37.0.jar:/Users/qunce/.m2/repository/io/opentelemetry/opentelemetry-sdk-common/1.37.0/opentelemetry-sdk-common-1.37.0.jar:/Users/qunce/.m2/repository/io/opentelemetry/opentelemetry-exporter-logging-otlp/1.37.0/opentelemetry-exporter-logging-otlp-1.37.0.jar:/Users/qunce/.m2/repository/io/grpc/grpc-stub/1.53.0/grpc-stub-1.53.0.jar:/Users/qunce/.m2/repository/io/grpc/grpc-api/1.53.0/grpc-api-1.53.0.jar:/Users/qunce/.m2/repository/io/grpc/grpc-context/1.53.0/grpc-context-1.53.0.jar:/Users/qunce/.m2/repository/com/google/errorprone/error_prone_annotations/2.14.0/error_prone_annotations-2.14.0.jar:/Users/qunce/.m2/repository/io/grpc/grpc-netty-shaded/1.53.0/grpc-netty-shaded-1.53.0.jar:/Users/qunce/.m2/repository/io/perfmark/perfmark-api/0.25.0/perfmark-api-0.25.0.jar:/Users/qunce/.m2/repository/io/grpc/grpc-core/1.53.0/grpc-core-1.53.0.jar:/Users/qunce/.m2/repository/com/google/code/gson/gson/2.10.1/gson-2.10.1.jar:/Users/qunce/.m2/repository/com/google/android/annotations/4.1.1.4/annotations-4.1.1.4.jar:/Users/qunce/.m2/repository/org/codehaus/mojo/animal-sniffer-annotations/1.21/animal-sniffer-annotations-1.21.jar:/Users/qunce/.m2/repository/com/squareup/okio/okio-jvm/3.4.0/okio-jvm-3.4.0.jar:/Users/qunce/.m2/repository/org/apache/tomcat/annotations-api/6.0.53/annotations-api-6.0.53.jar:/Users/qunce/.m2/repository/org/apache/rocketmq/rocketmq-rocksdb/1.0.2/rocketmq-rocksdb-1.0.2.jar:/Users/qunce/.m2/repository/org/reflections/reflections/0.9.11/reflections-0.9.11.jar:/Users/qunce/.m2/repository/org/javassist/javassist/3.21.0-GA/javassist-3.21.0-GA.jar:/Users/qunce/.m2/repository/org/apache/commons/commons-lang3/3.14.0/commons-lang3-3.14.0.jar:/Users/qunce/.m2/repository/io/github/aliyunmq/rocketmq-slf4j-api/1.0.1/rocketmq-slf4j-api-1.0.1.jar:/Users/qunce/.m2/repository/io/github/aliyunmq/rocketmq-logback-classic/1.0.1/rocketmq-logback-classic-1.0.1.jar:/Users/qunce/.m2/repository/org/awaitility/awaitility/4.2.2/awaitility-4.2.2.jar:/Users/qunce/.m2/repository/org/hamcrest/hamcrest/2.2/hamcrest-2.2.jar:/Users/qunce/.m2/repository/org/springframework/boot/spring-boot-starter-data-redis/3.3.3/spring-boot-starter-data-redis-3.3.3.jar:/Users/qunce/.m2/repository/io/lettuce/lettuce-core/6.3.2.RELEASE/lettuce-core-6.3.2.RELEASE.jar:/Users/qunce/.m2/repository/io/netty/netty-common/4.1.112.Final/netty-common-4.1.112.Final.jar:/Users/qunce/.m2/repository/io/netty/netty-handler/4.1.112.Final/netty-handler-4.1.112.Final.jar:/Users/qunce/.m2/repository/io/netty/netty-resolver/4.1.112.Final/netty-resolver-4.1.112.Final.jar:/Users/qunce/.m2/repository/io/netty/netty-buffer/4.1.112.Final/netty-buffer-4.1.112.Final.jar:/Users/qunce/.m2/repository/io/netty/netty-transport-native-unix-common/4.1.112.Final/netty-transport-native-unix-common-4.1.112.Final.jar:/Users/qunce/.m2/repository/io/netty/netty-codec/4.1.112.Final/netty-codec-4.1.112.Final.jar:/Users/qunce/.m2/repository/io/netty/netty-transport/4.1.112.Final/netty-transport-4.1.112.Final.jar:/Users/qunce/.m2/repository/io/projectreactor/reactor-core/3.6.9/reactor-core-3.6.9.jar:/Users/qunce/.m2/repository/org/reactivestreams/reactive-streams/1.0.4/reactive-streams-1.0.4.jar:/Users/qunce/.m2/repository/org/springframework/data/spring-data-redis/3.3.3/spring-data-redis-3.3.3.jar:/Users/qunce/.m2/repository/org/springframework/data/spring-data-keyvalue/3.3.3/spring-data-keyvalue-3.3.3.jar:/Users/qunce/.m2/repository/org/springframework/data/spring-data-commons/3.3.3/spring-data-commons-3.3.3.jar:/Users/qunce/.m2/repository/org/springframework/spring-tx/6.1.12/spring-tx-6.1.12.jar:/Users/qunce/.m2/repository/org/springframework/spring-oxm/6.1.12/spring-oxm-6.1.12.jar:/Users/qunce/.m2/repository/jakarta/xml/bind/jakarta.xml.bind-api/4.0.2/jakarta.xml.bind-api-4.0.2.jar:/Users/qunce/.m2/repository/jakarta/activation/jakarta.activation-api/2.1.3/jakarta.activation-api-2.1.3.jar:/Users/qunce/.m2/repository/org/springframework/spring-context-support/6.1.12/spring-context-support-6.1.12.jar:/Users/qunce/.m2/repository/org/springframework/boot/spring-boot-starter-aop/3.3.3/spring-boot-starter-aop-3.3.3.jar:/Users/qunce/.m2/repository/org/springframework/spring-aop/6.1.12/spring-aop-6.1.12.jar:/Users/qunce/.m2/repository/org/aspectj/aspectjweaver/1.9.22.1/aspectjweaver-1.9.22.1.jar:/Users/qunce/.m2/repository/com/github/tobato/fastdfs-client/1.27.2/fastdfs-client-1.27.2.jar:/Users/qunce/.m2/repository/org/slf4j/slf4j-api/2.0.16/slf4j-api-2.0.16.jar:/Users/qunce/.m2/repository/org/slf4j/jcl-over-slf4j/2.0.16/jcl-over-slf4j-2.0.16.jar:/Users/qunce/.m2/repository/ch/qos/logback/logback-classic/1.5.7/logback-classic-1.5.7.jar:/Users/qunce/.m2/repository/ch/qos/logback/logback-core/1.5.7/logback-core-1.5.7.jar:/Users/qunce/.m2/repository/commons-beanutils/commons-beanutils/1.9.3/commons-beanutils-1.9.3.jar:/Users/qunce/.m2/repository/commons-collections/commons-collections/3.2.2/commons-collections-3.2.2.jar:/Users/qunce/.m2/repository/commons-io/commons-io/2.4/commons-io-2.4.jar:/Users/qunce/.m2/repository/org/apache/commons/commons-pool2/2.12.0/commons-pool2-2.12.0.jar:/Users/qunce/.m2/repository/org/springframework/spring-core/6.1.12/spring-core-6.1.12.jar:/Users/qunce/.m2/repository/org/springframework/spring-jcl/6.1.12/spring-jcl-6.1.12.jar:/Users/qunce/.m2/repository/org/hibernate/validator/hibernate-validator/8.0.1.Final/hibernate-validator-8.0.1.Final.jar:/Users/qunce/.m2/repository/jakarta/validation/jakarta.validation-api/3.0.2/jakarta.validation-api-3.0.2.jar:/Users/qunce/.m2/repository/org/jboss/logging/jboss-logging/3.5.3.Final/jboss-logging-3.5.3.Final.jar:/Users/qunce/.m2/repository/com/fasterxml/classmate/1.7.0/classmate-1.7.0.jar:/Users/qunce/.m2/repository/org/springframework/spring-context/6.1.12/spring-context-6.1.12.jar:/Users/qunce/.m2/repository/net/coobird/thumbnailator/0.4.8/thumbnailator-0.4.8.jar:"/>
    <property name="java.vm.vendor" value="Oracle Corporation"/>
    <property name="sun.arch.data.model" value="64"/>
    <property name="java.vendor.url" value="https://java.oracle.com/"/>
    <property name="os.name" value="Mac OS X"/>
    <property name="java.vm.specification.version" value="23"/>
    <property name="sun.java.launcher" value="SUN_STANDARD"/>
    <property name="user.country" value="CA"/>
    <property name="sun.boot.library.path" value="/Users/qunce/Library/Java/JavaVirtualMachines/openjdk-23.0.2/Contents/Home/lib"/>
    <property name="sun.java.command" value="/Users/qunce/Bilibili_Clone/bilibili/bilibili-api/target/surefire/surefirebooter-20250328023428955_9.jar /Users/qunce/Bilibili_Clone/bilibili/bilibili-api/target/surefire 2025-03-28T02-34-28_473-jvmRun1 surefire-20250328023428955_7tmp surefire_2-20250328023428955_8tmp"/>
    <property name="http.nonProxyHosts" value="local|*.local|169.254/16|*.169.254/16"/>
    <property name="jdk.debug" value="release"/>
    <property name="surefire.test.class.path" value="/Users/qunce/Bilibili_Clone/bilibili/bilibili-api/target/test-classes:/Users/qunce/Bilibili_Clone/bilibili/bilibili-api/target/classes:/Users/qunce/.m2/repository/junit/junit/3.8.1/junit-3.8.1.jar:/Users/qunce/Bilibili_Clone/bilibili/bilibili-service/target/bilibili-service-1.0-SNAPSHOT.jar:/Users/qunce/Bilibili_Clone/bilibili/bilibili-dao/target/bilibili-dao-1.0-SNAPSHOT.jar:/Users/qunce/.m2/repository/org/springframework/boot/spring-boot-starter-web/3.3.3/spring-boot-starter-web-3.3.3.jar:/Users/qunce/.m2/repository/org/springframework/boot/spring-boot-starter/3.3.3/spring-boot-starter-3.3.3.jar:/Users/qunce/.m2/repository/org/springframework/boot/spring-boot-starter-logging/3.3.3/spring-boot-starter-logging-3.3.3.jar:/Users/qunce/.m2/repository/org/apache/logging/log4j/log4j-to-slf4j/2.23.1/log4j-to-slf4j-2.23.1.jar:/Users/qunce/.m2/repository/org/apache/logging/log4j/log4j-api/2.23.1/log4j-api-2.23.1.jar:/Users/qunce/.m2/repository/org/slf4j/jul-to-slf4j/2.0.16/jul-to-slf4j-2.0.16.jar:/Users/qunce/.m2/repository/jakarta/annotation/jakarta.annotation-api/2.1.1/jakarta.annotation-api-2.1.1.jar:/Users/qunce/.m2/repository/org/yaml/snakeyaml/2.2/snakeyaml-2.2.jar:/Users/qunce/.m2/repository/org/springframework/boot/spring-boot-starter-json/3.3.3/spring-boot-starter-json-3.3.3.jar:/Users/qunce/.m2/repository/com/fasterxml/jackson/datatype/jackson-datatype-jdk8/2.17.2/jackson-datatype-jdk8-2.17.2.jar:/Users/qunce/.m2/repository/com/fasterxml/jackson/datatype/jackson-datatype-jsr310/2.17.2/jackson-datatype-jsr310-2.17.2.jar:/Users/qunce/.m2/repository/com/fasterxml/jackson/module/jackson-module-parameter-names/2.17.2/jackson-module-parameter-names-2.17.2.jar:/Users/qunce/.m2/repository/org/springframework/boot/spring-boot-starter-tomcat/3.3.3/spring-boot-starter-tomcat-3.3.3.jar:/Users/qunce/.m2/repository/org/apache/tomcat/embed/tomcat-embed-core/10.1.28/tomcat-embed-core-10.1.28.jar:/Users/qunce/.m2/repository/org/apache/tomcat/embed/tomcat-embed-el/10.1.28/tomcat-embed-el-10.1.28.jar:/Users/qunce/.m2/repository/org/apache/tomcat/embed/tomcat-embed-websocket/10.1.28/tomcat-embed-websocket-10.1.28.jar:/Users/qunce/.m2/repository/org/springframework/spring-web/6.1.12/spring-web-6.1.12.jar:/Users/qunce/.m2/repository/org/springframework/spring-beans/6.1.12/spring-beans-6.1.12.jar:/Users/qunce/.m2/repository/io/micrometer/micrometer-observation/1.13.3/micrometer-observation-1.13.3.jar:/Users/qunce/.m2/repository/io/micrometer/micrometer-commons/1.13.3/micrometer-commons-1.13.3.jar:/Users/qunce/.m2/repository/org/springframework/spring-webmvc/6.1.12/spring-webmvc-6.1.12.jar:/Users/qunce/.m2/repository/org/springframework/spring-expression/6.1.12/spring-expression-6.1.12.jar:/Users/qunce/.m2/repository/com/mysql/mysql-connector-j/8.0.33/mysql-connector-j-8.0.33.jar:/Users/qunce/.m2/repository/org/mybatis/spring/boot/mybatis-spring-boot-starter/3.0.3/mybatis-spring-boot-starter-3.0.3.jar:/Users/qunce/.m2/repository/org/springframework/boot/spring-boot-starter-jdbc/3.3.3/spring-boot-starter-jdbc-3.3.3.jar:/Users/qunce/.m2/repository/com/zaxxer/HikariCP/5.1.0/HikariCP-5.1.0.jar:/Users/qunce/.m2/repository/org/springframework/spring-jdbc/6.1.12/spring-jdbc-6.1.12.jar:/Users/qunce/.m2/repository/org/mybatis/spring/boot/mybatis-spring-boot-autoconfigure/3.0.3/mybatis-spring-boot-autoconfigure-3.0.3.jar:/Users/qunce/.m2/repository/org/mybatis/mybatis/3.5.14/mybatis-3.5.14.jar:/Users/qunce/.m2/repository/org/mybatis/mybatis-spring/3.0.3/mybatis-spring-3.0.3.jar:/Users/qunce/.m2/repository/org/springframework/boot/spring-boot-devtools/3.3.3/spring-boot-devtools-3.3.3.jar:/Users/qunce/.m2/repository/org/springframework/boot/spring-boot/3.3.3/spring-boot-3.3.3.jar:/Users/qunce/.m2/repository/org/springframework/boot/spring-boot-autoconfigure/3.3.3/spring-boot-autoconfigure-3.3.3.jar:/Users/qunce/.m2/repository/commons-codec/commons-codec/1.17.0/commons-codec-1.17.0.jar:/Users/qunce/.m2/repository/com/alibaba/fastjson/2.0.53/fastjson-2.0.53.jar:/Users/qunce/.m2/repository/com/alibaba/fastjson2/fastjson2-extension/2.0.53/fastjson2-extension-2.0.53.jar:/Users/qunce/.m2/repository/com/alibaba/fastjson2/fastjson2/2.0.53/fastjson2-2.0.53.jar:/Users/qunce/.m2/repository/com/auth0/java-jwt/4.4.0/java-jwt-4.4.0.jar:/Users/qunce/.m2/repository/com/fasterxml/jackson/core/jackson-databind/2.17.2/jackson-databind-2.17.2.jar:/Users/qunce/.m2/repository/com/fasterxml/jackson/core/jackson-annotations/2.17.2/jackson-annotations-2.17.2.jar:/Users/qunce/.m2/repository/com/fasterxml/jackson/core/jackson-core/2.17.2/jackson-core-2.17.2.jar:/Users/qunce/.m2/repository/org/apache/rocketmq/rocketmq-client/5.3.1/rocketmq-client-5.3.1.jar:/Users/qunce/.m2/repository/org/apache/rocketmq/rocketmq-remoting/5.3.1/rocketmq-remoting-5.3.1.jar:/Users/qunce/.m2/repository/org/apache/rocketmq/rocketmq-common/5.3.1/rocketmq-common-5.3.1.jar:/Users/qunce/.m2/repository/io/netty/netty-all/4.1.112.Final/netty-all-4.1.112.Final.jar:/Users/qunce/.m2/repository/io/netty/netty-codec-dns/4.1.112.Final/netty-codec-dns-4.1.112.Final.jar:/Users/qunce/.m2/repository/io/netty/netty-codec-haproxy/4.1.112.Final/netty-codec-haproxy-4.1.112.Final.jar:/Users/qunce/.m2/repository/io/netty/netty-codec-http/4.1.112.Final/netty-codec-http-4.1.112.Final.jar:/Users/qunce/.m2/repository/io/netty/netty-codec-http2/4.1.112.Final/netty-codec-http2-4.1.112.Final.jar:/Users/qunce/.m2/repository/io/netty/netty-codec-memcache/4.1.112.Final/netty-codec-memcache-4.1.112.Final.jar:/Users/qunce/.m2/repository/io/netty/netty-codec-mqtt/4.1.112.Final/netty-codec-mqtt-4.1.112.Final.jar:/Users/qunce/.m2/repository/io/netty/netty-codec-redis/4.1.112.Final/netty-codec-redis-4.1.112.Final.jar:/Users/qunce/.m2/repository/io/netty/netty-codec-smtp/4.1.112.Final/netty-codec-smtp-4.1.112.Final.jar:/Users/qunce/.m2/repository/io/netty/netty-codec-socks/4.1.112.Final/netty-codec-socks-4.1.112.Final.jar:/Users/qunce/.m2/repository/io/netty/netty-codec-stomp/4.1.112.Final/netty-codec-stomp-4.1.112.Final.jar:/Users/qunce/.m2/repository/io/netty/netty-codec-xml/4.1.112.Final/netty-codec-xml-4.1.112.Final.jar:/Users/qunce/.m2/repository/io/netty/netty-handler-proxy/4.1.112.Final/netty-handler-proxy-4.1.112.Final.jar:/Users/qunce/.m2/repository/io/netty/netty-handler-ssl-ocsp/4.1.112.Final/netty-handler-ssl-ocsp-4.1.112.Final.jar:/Users/qunce/.m2/repository/io/netty/netty-resolver-dns/4.1.112.Final/netty-resolver-dns-4.1.112.Final.jar:/Users/qunce/.m2/repository/io/netty/netty-transport-rxtx/4.1.112.Final/netty-transport-rxtx-4.1.112.Final.jar:/Users/qunce/.m2/repository/io/netty/netty-transport-sctp/4.1.112.Final/netty-transport-sctp-4.1.112.Final.jar:/Users/qunce/.m2/repository/io/netty/netty-transport-udt/4.1.112.Final/netty-transport-udt-4.1.112.Final.jar:/Users/qunce/.m2/repository/io/netty/netty-transport-classes-epoll/4.1.112.Final/netty-transport-classes-epoll-4.1.112.Final.jar:/Users/qunce/.m2/repository/io/netty/netty-transport-classes-kqueue/4.1.112.Final/netty-transport-classes-kqueue-4.1.112.Final.jar:/Users/qunce/.m2/repository/io/netty/netty-resolver-dns-classes-macos/4.1.112.Final/netty-resolver-dns-classes-macos-4.1.112.Final.jar:/Users/qunce/.m2/repository/io/netty/netty-transport-native-epoll/4.1.112.Final/netty-transport-native-epoll-4.1.112.Final-linux-x86_64.jar:/Users/qunce/.m2/repository/io/netty/netty-transport-native-epoll/4.1.112.Final/netty-transport-native-epoll-4.1.112.Final-linux-aarch_64.jar:/Users/qunce/.m2/repository/io/netty/netty-transport-native-epoll/4.1.112.Final/netty-transport-native-epoll-4.1.112.Final-linux-riscv64.jar:/Users/qunce/.m2/repository/io/netty/netty-transport-native-kqueue/4.1.112.Final/netty-transport-native-kqueue-4.1.112.Final-osx-x86_64.jar:/Users/qunce/.m2/repository/io/netty/netty-transport-native-kqueue/4.1.112.Final/netty-transport-native-kqueue-4.1.112.Final-osx-aarch_64.jar:/Users/qunce/.m2/repository/io/netty/netty-resolver-dns-native-macos/4.1.112.Final/netty-resolver-dns-native-macos-4.1.112.Final-osx-x86_64.jar:/Users/qunce/.m2/repository/io/netty/netty-resolver-dns-native-macos/4.1.112.Final/netty-resolver-dns-native-macos-4.1.112.Final-osx-aarch_64.jar:/Users/qunce/.m2/repository/commons-validator/commons-validator/1.7/commons-validator-1.7.jar:/Users/qunce/.m2/repository/commons-digester/commons-digester/2.1/commons-digester-2.1.jar:/Users/qunce/.m2/repository/commons-logging/commons-logging/1.2/commons-logging-1.2.jar:/Users/qunce/.m2/repository/com/github/luben/zstd-jni/1.5.2-2/zstd-jni-1.5.2-2.jar:/Users/qunce/.m2/repository/org/lz4/lz4-java/1.8.0/lz4-java-1.8.0.jar:/Users/qunce/.m2/repository/com/google/guava/guava/32.0.1-jre/guava-32.0.1-jre.jar:/Users/qunce/.m2/repository/com/google/guava/failureaccess/1.0.1/failureaccess-1.0.1.jar:/Users/qunce/.m2/repository/com/google/guava/listenablefuture/9999.0-empty-to-avoid-conflict-with-guava/listenablefuture-9999.0-empty-to-avoid-conflict-with-guava.jar:/Users/qunce/.m2/repository/com/google/code/findbugs/jsr305/3.0.2/jsr305-3.0.2.jar:/Users/qunce/.m2/repository/org/checkerframework/checker-qual/3.33.0/checker-qual-3.33.0.jar:/Users/qunce/.m2/repository/com/google/j2objc/j2objc-annotations/2.8/j2objc-annotations-2.8.jar:/Users/qunce/.m2/repository/io/opentelemetry/opentelemetry-exporter-otlp/1.37.0/opentelemetry-exporter-otlp-1.37.0.jar:/Users/qunce/.m2/repository/io/opentelemetry/opentelemetry-sdk-trace/1.37.0/opentelemetry-sdk-trace-1.37.0.jar:/Users/qunce/.m2/repository/io/opentelemetry/opentelemetry-sdk-metrics/1.37.0/opentelemetry-sdk-metrics-1.37.0.jar:/Users/qunce/.m2/repository/io/opentelemetry/opentelemetry-api-incubator/1.37.0-alpha/opentelemetry-api-incubator-1.37.0-alpha.jar:/Users/qunce/.m2/repository/io/opentelemetry/opentelemetry-sdk-logs/1.37.0/opentelemetry-sdk-logs-1.37.0.jar:/Users/qunce/.m2/repository/io/opentelemetry/opentelemetry-exporter-otlp-common/1.37.0/opentelemetry-exporter-otlp-common-1.37.0.jar:/Users/qunce/.m2/repository/io/opentelemetry/opentelemetry-exporter-common/1.37.0/opentelemetry-exporter-common-1.37.0.jar:/Users/qunce/.m2/repository/io/opentelemetry/opentelemetry-exporter-sender-okhttp/1.37.0/opentelemetry-exporter-sender-okhttp-1.37.0.jar:/Users/qunce/.m2/repository/com/squareup/okhttp3/okhttp/4.12.0/okhttp-4.12.0.jar:/Users/qunce/.m2/repository/com/squareup/okio/okio/3.6.0/okio-3.6.0.jar:/Users/qunce/.m2/repository/org/jetbrains/kotlin/kotlin-stdlib-jdk8/1.9.25/kotlin-stdlib-jdk8-1.9.25.jar:/Users/qunce/.m2/repository/org/jetbrains/kotlin/kotlin-stdlib/1.9.25/kotlin-stdlib-1.9.25.jar:/Users/qunce/.m2/repository/org/jetbrains/annotations/13.0/annotations-13.0.jar:/Users/qunce/.m2/repository/org/jetbrains/kotlin/kotlin-stdlib-jdk7/1.9.25/kotlin-stdlib-jdk7-1.9.25.jar:/Users/qunce/.m2/repository/io/opentelemetry/opentelemetry-sdk-extension-autoconfigure-spi/1.37.0/opentelemetry-sdk-extension-autoconfigure-spi-1.37.0.jar:/Users/qunce/.m2/repository/io/opentelemetry/opentelemetry-exporter-prometheus/1.29.0-alpha/opentelemetry-exporter-prometheus-1.29.0-alpha.jar:/Users/qunce/.m2/repository/io/opentelemetry/opentelemetry-exporter-logging/1.37.0/opentelemetry-exporter-logging-1.37.0.jar:/Users/qunce/.m2/repository/io/opentelemetry/opentelemetry-sdk/1.37.0/opentelemetry-sdk-1.37.0.jar:/Users/qunce/.m2/repository/io/opentelemetry/opentelemetry-api/1.37.0/opentelemetry-api-1.37.0.jar:/Users/qunce/.m2/repository/io/opentelemetry/opentelemetry-context/1.37.0/opentelemetry-context-1.37.0.jar:/Users/qunce/.m2/repository/io/opentelemetry/opentelemetry-sdk-common/1.37.0/opentelemetry-sdk-common-1.37.0.jar:/Users/qunce/.m2/repository/io/opentelemetry/opentelemetry-exporter-logging-otlp/1.37.0/opentelemetry-exporter-logging-otlp-1.37.0.jar:/Users/qunce/.m2/repository/io/grpc/grpc-stub/1.53.0/grpc-stub-1.53.0.jar:/Users/qunce/.m2/repository/io/grpc/grpc-api/1.53.0/grpc-api-1.53.0.jar:/Users/qunce/.m2/repository/io/grpc/grpc-context/1.53.0/grpc-context-1.53.0.jar:/Users/qunce/.m2/repository/com/google/errorprone/error_prone_annotations/2.14.0/error_prone_annotations-2.14.0.jar:/Users/qunce/.m2/repository/io/grpc/grpc-netty-shaded/1.53.0/grpc-netty-shaded-1.53.0.jar:/Users/qunce/.m2/repository/io/perfmark/perfmark-api/0.25.0/perfmark-api-0.25.0.jar:/Users/qunce/.m2/repository/io/grpc/grpc-core/1.53.0/grpc-core-1.53.0.jar:/Users/qunce/.m2/repository/com/google/code/gson/gson/2.10.1/gson-2.10.1.jar:/Users/qunce/.m2/repository/com/google/android/annotations/4.1.1.4/annotations-4.1.1.4.jar:/Users/qunce/.m2/repository/org/codehaus/mojo/animal-sniffer-annotations/1.21/animal-sniffer-annotations-1.21.jar:/Users/qunce/.m2/repository/com/squareup/okio/okio-jvm/3.4.0/okio-jvm-3.4.0.jar:/Users/qunce/.m2/repository/org/apache/tomcat/annotations-api/6.0.53/annotations-api-6.0.53.jar:/Users/qunce/.m2/repository/org/apache/rocketmq/rocketmq-rocksdb/1.0.2/rocketmq-rocksdb-1.0.2.jar:/Users/qunce/.m2/repository/org/reflections/reflections/0.9.11/reflections-0.9.11.jar:/Users/qunce/.m2/repository/org/javassist/javassist/3.21.0-GA/javassist-3.21.0-GA.jar:/Users/qunce/.m2/repository/org/apache/commons/commons-lang3/3.14.0/commons-lang3-3.14.0.jar:/Users/qunce/.m2/repository/io/github/aliyunmq/rocketmq-slf4j-api/1.0.1/rocketmq-slf4j-api-1.0.1.jar:/Users/qunce/.m2/repository/io/github/aliyunmq/rocketmq-logback-classic/1.0.1/rocketmq-logback-classic-1.0.1.jar:/Users/qunce/.m2/repository/org/awaitility/awaitility/4.2.2/awaitility-4.2.2.jar:/Users/qunce/.m2/repository/org/hamcrest/hamcrest/2.2/hamcrest-2.2.jar:/Users/qunce/.m2/repository/org/springframework/boot/spring-boot-starter-data-redis/3.3.3/spring-boot-starter-data-redis-3.3.3.jar:/Users/qunce/.m2/repository/io/lettuce/lettuce-core/6.3.2.RELEASE/lettuce-core-6.3.2.RELEASE.jar:/Users/qunce/.m2/repository/io/netty/netty-common/4.1.112.Final/netty-common-4.1.112.Final.jar:/Users/qunce/.m2/repository/io/netty/netty-handler/4.1.112.Final/netty-handler-4.1.112.Final.jar:/Users/qunce/.m2/repository/io/netty/netty-resolver/4.1.112.Final/netty-resolver-4.1.112.Final.jar:/Users/qunce/.m2/repository/io/netty/netty-buffer/4.1.112.Final/netty-buffer-4.1.112.Final.jar:/Users/qunce/.m2/repository/io/netty/netty-transport-native-unix-common/4.1.112.Final/netty-transport-native-unix-common-4.1.112.Final.jar:/Users/qunce/.m2/repository/io/netty/netty-codec/4.1.112.Final/netty-codec-4.1.112.Final.jar:/Users/qunce/.m2/repository/io/netty/netty-transport/4.1.112.Final/netty-transport-4.1.112.Final.jar:/Users/qunce/.m2/repository/io/projectreactor/reactor-core/3.6.9/reactor-core-3.6.9.jar:/Users/qunce/.m2/repository/org/reactivestreams/reactive-streams/1.0.4/reactive-streams-1.0.4.jar:/Users/qunce/.m2/repository/org/springframework/data/spring-data-redis/3.3.3/spring-data-redis-3.3.3.jar:/Users/qunce/.m2/repository/org/springframework/data/spring-data-keyvalue/3.3.3/spring-data-keyvalue-3.3.3.jar:/Users/qunce/.m2/repository/org/springframework/data/spring-data-commons/3.3.3/spring-data-commons-3.3.3.jar:/Users/qunce/.m2/repository/org/springframework/spring-tx/6.1.12/spring-tx-6.1.12.jar:/Users/qunce/.m2/repository/org/springframework/spring-oxm/6.1.12/spring-oxm-6.1.12.jar:/Users/qunce/.m2/repository/jakarta/xml/bind/jakarta.xml.bind-api/4.0.2/jakarta.xml.bind-api-4.0.2.jar:/Users/qunce/.m2/repository/jakarta/activation/jakarta.activation-api/2.1.3/jakarta.activation-api-2.1.3.jar:/Users/qunce/.m2/repository/org/springframework/spring-context-support/6.1.12/spring-context-support-6.1.12.jar:/Users/qunce/.m2/repository/org/springframework/boot/spring-boot-starter-aop/3.3.3/spring-boot-starter-aop-3.3.3.jar:/Users/qunce/.m2/repository/org/springframework/spring-aop/6.1.12/spring-aop-6.1.12.jar:/Users/qunce/.m2/repository/org/aspectj/aspectjweaver/1.9.22.1/aspectjweaver-1.9.22.1.jar:/Users/qunce/.m2/repository/com/github/tobato/fastdfs-client/1.27.2/fastdfs-client-1.27.2.jar:/Users/qunce/.m2/repository/org/slf4j/slf4j-api/2.0.16/slf4j-api-2.0.16.jar:/Users/qunce/.m2/repository/org/slf4j/jcl-over-slf4j/2.0.16/jcl-over-slf4j-2.0.16.jar:/Users/qunce/.m2/repository/ch/qos/logback/logback-classic/1.5.7/logback-classic-1.5.7.jar:/Users/qunce/.m2/repository/ch/qos/logback/logback-core/1.5.7/logback-core-1.5.7.jar:/Users/qunce/.m2/repository/commons-beanutils/commons-beanutils/1.9.3/commons-beanutils-1.9.3.jar:/Users/qunce/.m2/repository/commons-collections/commons-collections/3.2.2/commons-collections-3.2.2.jar:/Users/qunce/.m2/repository/commons-io/commons-io/2.4/commons-io-2.4.jar:/Users/qunce/.m2/repository/org/apache/commons/commons-pool2/2.12.0/commons-pool2-2.12.0.jar:/Users/qunce/.m2/repository/org/springframework/spring-core/6.1.12/spring-core-6.1.12.jar:/Users/qunce/.m2/repository/org/springframework/spring-jcl/6.1.12/spring-jcl-6.1.12.jar:/Users/qunce/.m2/repository/org/hibernate/validator/hibernate-validator/8.0.1.Final/hibernate-validator-8.0.1.Final.jar:/Users/qunce/.m2/repository/jakarta/validation/jakarta.validation-api/3.0.2/jakarta.validation-api-3.0.2.jar:/Users/qunce/.m2/repository/org/jboss/logging/jboss-logging/3.5.3.Final/jboss-logging-3.5.3.Final.jar:/Users/qunce/.m2/repository/com/fasterxml/classmate/1.7.0/classmate-1.7.0.jar:/Users/qunce/.m2/repository/org/springframework/spring-context/6.1.12/spring-context-6.1.12.jar:/Users/qunce/.m2/repository/net/coobird/thumbnailator/0.4.8/thumbnailator-0.4.8.jar:"/>
    <property name="sun.cpu.endian" value="little"/>
    <property name="user.home" value="/Users/qunce"/>
    <property name="user.language" value="en"/>
    <property name="java.specification.vendor" value="Oracle Corporation"/>
    <property name="java.version.date" value="2025-01-21"/>
    <property name="java.home" value="/Users/qunce/Library/Java/JavaVirtualMachines/openjdk-23.0.2/Contents/Home"/>
    <property name="file.separator" value="/"/>
    <property name="basedir" value="/Users/qunce/Bilibili_Clone/bilibili/bilibili-api"/>
    <property name="java.vm.compressedOopsMode" value="Zero based"/>
    <property name="line.separator" value="&#10;"/>
    <property name="java.vm.specification.vendor" value="Oracle Corporation"/>
    <property name="java.specification.name" value="Java Platform API Specification"/>
    <property name="apple.awt.application.name" value="ForkedBooter"/>
    <property name="surefire.real.class.path" value="/Users/qunce/Bilibili_Clone/bilibili/bilibili-api/target/surefire/surefirebooter-20250328023428955_9.jar"/>
    <property name="sun.management.compiler" value="HotSpot 64-Bit Tiered Compilers"/>
    <property name="ftp.nonProxyHosts" value="local|*.local|169.254/16|*.169.254/16"/>
    <property name="java.runtime.version" value="23.0.2+7-58"/>
    <property name="user.name" value="qunce"/>
    <property name="stdout.encoding" value="UTF-8"/>
    <property name="path.separator" value=":"/>
    <property name="os.version" value="14.4"/>
    <property name="java.runtime.name" value="OpenJDK Runtime Environment"/>
    <property name="file.encoding" value="UTF-8"/>
    <property name="java.vm.name" value="OpenJDK 64-Bit Server VM"/>
    <property name="localRepository" value="/Users/qunce/.m2/repository"/>
    <property name="java.vendor.url.bug" value="https://bugreport.java.com/bugreport/"/>
    <property name="java.io.tmpdir" value="/var/folders/s4/p1vq89h130x7mfbwbjg5z5vm0000gn/T/"/>
    <property name="idea.version" value="2024.3.2.2"/>
    <property name="java.version" value="23.0.2"/>
    <property name="user.dir" value="/Users/qunce/Bilibili_Clone/bilibili/bilibili-api"/>
    <property name="os.arch" value="aarch64"/>
    <property name="java.vm.specification.name" value="Java Virtual Machine Specification"/>
    <property name="native.encoding" value="UTF-8"/>
    <property name="java.library.path" value="/Users/qunce/Library/Java/Extensions:/Library/Java/Extensions:/Network/Library/Java/Extensions:/System/Library/Java/Extensions:/usr/lib/java:."/>
    <property name="java.vm.info" value="mixed mode, sharing"/>
    <property name="stderr.encoding" value="UTF-8"/>
    <property name="java.vendor" value="Oracle Corporation"/>
    <property name="java.vm.version" value="23.0.2+7-58"/>
    <property name="sun.io.unicode.encoding" value="UnicodeBig"/>
    <property name="socksNonProxyHosts" value="local|*.local|169.254/16|*.169.254/16"/>
    <property name="java.class.version" value="67.0"/>
  </properties>
  <testcase name="testApp" classname="com.example.AppTest" time="0.001"/>
</testsuite>